[demo.w3layouts.com/demos_new/template_demo/27-05-2019/land-demo_Free/568639772/web/index.html]
[backblue.gif]
[fade.gif]
[index.html]
[demo.w3layouts.com/demos_new/template_demo/27-05-2019/land-demo_Free/568639772/web/css/bootstrap.css]
[demo.w3layouts.com/demos_new/template_demo/27-05-2019/land-demo_Free/568639772/web/css/style.css]
[demo.w3layouts.com/demos_new/template_demo/27-05-2019/land-demo_Free/568639772/web/css/font-awesome.min.css]
[ajax.googleapis.com/ajax/libs/jquery/1.10.2/jquery.min.js]
[m.servedby-buysellads.com/monetization.js]
[codefund.io/properties/441/funder.js]
[demo.w3layouts.com/images/demobar_w3_4thDec2019.css]
[demo.w3layouts.com/js/autotrack.js]
[demo.w3layouts.com/demos_new/template_demo/27-05-2019/land-demo_Free/568639772/web/login.html]
[demo.w3layouts.com/demos_new/template_demo/27-05-2019/land-demo_Free/568639772/web/register.html]
[demo.w3layouts.com/demos_new/template_demo/27-05-2019/land-demo_Free/568639772/web/images/about.jpg]
[demo.w3layouts.com/demos_new/template_demo/27-05-2019/land-demo_Free/568639772/web/images/img.png]
[demo.w3layouts.com/demos_new/template_demo/27-05-2019/land-demo_Free/568639772/web/images/img3.png]
[demo.w3layouts.com/demos_new/template_demo/27-05-2019/land-demo_Free/568639772/web/single.html]
[demo.w3layouts.com/demos_new/template_demo/27-05-2019/land-demo_Free/568639772/web/images/g1.jpg]
[demo.w3layouts.com/demos_new/template_demo/27-05-2019/land-demo_Free/568639772/web/images/g2.jpg]
[demo.w3layouts.com/demos_new/template_demo/27-05-2019/land-demo_Free/568639772/web/images/g3.jpg]
[demo.w3layouts.com/demos_new/template_demo/27-05-2019/land-demo_Free/568639772/web/images/g4.jpg]
[demo.w3layouts.com/demos_new/template_demo/27-05-2019/land-demo_Free/568639772/web/images/g5.jpg]
[demo.w3layouts.com/demos_new/template_demo/27-05-2019/land-demo_Free/568639772/web/images/g6.jpg]
[demo.w3layouts.com/demos_new/template_demo/27-05-2019/land-demo_Free/568639772/web/images/te1.jpg]
[demo.w3layouts.com/demos_new/template_demo/27-05-2019/land-demo_Free/568639772/web/images/img2.png]
[demo.w3layouts.com/demos_new/template_demo/27-05-2019/land-demo_Free/568639772/web/index.html]
[demo.w3layouts.com/demos_new/template_demo/27-05-2019/land-demo_Free/568639772/web/css/bootstrap.css]
[demo.w3layouts.com/demos_new/template_demo/27-05-2019/land-demo_Free/568639772/web/images/banner.jpg]
[demo.w3layouts.com/demos_new/template_demo/27-05-2019/land-demo_Free/568639772/web/images/bg1.jpg]
[demo.w3layouts.com/demos_new/template_demo/27-05-2019/land-demo_Free/568639772/web/images/p1.jpg]
[demo.w3layouts.com/demos_new/template_demo/27-05-2019/land-demo_Free/568639772/web/images/p2.jpg]
[demo.w3layouts.com/demos_new/template_demo/27-05-2019/land-demo_Free/568639772/web/images/p3.jpg]
[demo.w3layouts.com/demos_new/template_demo/27-05-2019/land-demo_Free/568639772/web/images/p4.jpg]
[demo.w3layouts.com/demos_new/template_demo/27-05-2019/land-demo_Free/568639772/web/images/bg2.jpg]
[demo.w3layouts.com/demos_new/template_demo/27-05-2019/land-demo_Free/568639772/web/images/bg4.jpg]
[demo.w3layouts.com/demos_new/template_demo/27-05-2019/land-demo_Free/568639772/web/css/style.css]
[demo.w3layouts.com/demos_new/template_demo/27-05-2019/land-demo_Free/568639772/web/fonts/fontawesome-webfont3e6e.eot]
[demo.w3layouts.com/demos_new/template_demo/27-05-2019/land-demo_Free/568639772/web/fonts/fontawesome-webfontd41d.eot]
[demo.w3layouts.com/demos_new/template_demo/27-05-2019/land-demo_Free/568639772/web/fonts/fontawesome-webfont3e6e.woff2]
[demo.w3layouts.com/demos_new/template_demo/27-05-2019/land-demo_Free/568639772/web/fonts/fontawesome-webfont3e6e.woff]
[demo.w3layouts.com/demos_new/template_demo/27-05-2019/land-demo_Free/568639772/web/fonts/fontawesome-webfont3e6e.ttf]
[demo.w3layouts.com/demos_new/template_demo/27-05-2019/land-demo_Free/568639772/web/css/font-awesome.min.css]
[demo.w3layouts.com/images/W3Layouts-light.html]
[demo.w3layouts.com/images/demobar_w3_4thDec2019.css]
[demo.w3layouts.com/demos_new/template_demo/27-05-2019/land-demo_Free/568639772/web/login.html]
[demo.w3layouts.com/demos_new/template_demo/27-05-2019/land-demo_Free/568639772/web/register.html]
[www.google-analytics.com/analytics.js]
[demo.w3layouts.com/demos_new/template_demo/27-05-2019/land-demo_Free/568639772/web/single.html]
[demo.w3layouts.com/demos_new/template_demo/27-05-2019/land-demo_Free/568639772/web/fonts/fontawesome-webfont3e6e.svg]
[demo.w3layouts.com/demos_new/template_demo/27-05-2019/land-demo_Free/568639772/web/fonts/fontawesome-webfont3e6e.svg]
[cdn.fancybar.net/ac/fancybar6a2f.js]
[demo.w3layouts.com/assets/css/fonts/linecons/css/linecons.html]
[demo.w3layouts.com/assets/css/fonts/fontawesome/css/font-awesome.min.html]
[demo.w3layouts.com/assets/css/bootstrap.html]
[demo.w3layouts.com/assets/css/xenon-core.html]
[demo.w3layouts.com/assets/css/xenon-forms.html]
[demo.w3layouts.com/assets/css/xenon-components.html]
[demo.w3layouts.com/assets/css/xenon-skins.html]
[demo.w3layouts.com/assets/css/custom.html]
[demo.w3layouts.com/assets/js/jquery-1.11.1.min.html]
[demo.w3layouts.com/assets/js/bootstrap.min.html]
[demo.w3layouts.com/assets/js/TweenMax.min.html]
[demo.w3layouts.com/assets/js/resizeable.html]
[demo.w3layouts.com/assets/js/joinable.html]
[demo.w3layouts.com/assets/js/xenon-api.html]
[demo.w3layouts.com/assets/js/xenon-toggles.html]
[demo.w3layouts.com/assets/js/xenon-custom.html]
[demo.w3layouts.com/images/W3Layouts-light.html]
[demo.w3layouts.com/assets/css/fonts/linecons/css/linecons.html]
[demo.w3layouts.com/assets/css/fonts/fontawesome/css/font-awesome.min.html]
[demo.w3layouts.com/assets/css/bootstrap.html]
[demo.w3layouts.com/assets/css/xenon-core.html]
[demo.w3layouts.com/assets/css/xenon-forms.html]
[demo.w3layouts.com/assets/css/xenon-components.html]
[demo.w3layouts.com/assets/css/xenon-skins.html]
[demo.w3layouts.com/assets/css/custom.html]
[demo.w3layouts.com/assets/js/jquery-1.11.1.min.html]
[demo.w3layouts.com/assets/js/bootstrap.min.html]
[demo.w3layouts.com/assets/js/TweenMax.min.html]
[demo.w3layouts.com/assets/js/resizeable.html]
[demo.w3layouts.com/assets/js/joinable.html]
[demo.w3layouts.com/assets/js/xenon-api.html]
[demo.w3layouts.com/assets/js/xenon-toggles.html]
[demo.w3layouts.com/assets/js/xenon-custom.html]
